{"C:\\Users\\administrator\\Desktop\\blockchain\\config.js": {"path":"C:\\Users\\administrator\\Desktop\\blockchain\\config.js","statementMap":{"0":{"start":{"line":1,"column":27},"end":{"line":1,"column":28}},"1":{"start":{"line":2,"column":18},"end":{"line":2,"column":22}},"2":{"start":{"line":3,"column":25},"end":{"line":3,"column":29}},"3":{"start":{"line":5,"column":21},"end":{"line":5,"column":61}},"4":{"start":{"line":6,"column":22},"end":{"line":6,"column":25}},"5":{"start":{"line":8,"column":21},"end":{"line":15,"column":3}},"6":{"start":{"line":17,"column":2},"end":{"line":17,"column":92}}},"fnMap":{},"branchMap":{},"s":{"0":5,"1":5,"2":5,"3":5,"4":5,"5":5,"6":5},"f":{},"b":{},"_coverageSchema":"1a1c01bbd47fc00a2c39e90264f33305004495a9","hash":"ea798e40e83f95094f30d0a6650e3083d87cde52"}
,"C:\\Users\\administrator\\Desktop\\blockchain\\blockchain\\block.js": {"path":"C:\\Users\\administrator\\Desktop\\blockchain\\blockchain\\block.js","statementMap":{"0":{"start":{"line":2,"column":34},"end":{"line":2,"column":56}},"1":{"start":{"line":3,"column":19},"end":{"line":3,"column":51}},"2":{"start":{"line":7,"column":4},"end":{"line":7,"column":31}},"3":{"start":{"line":8,"column":4},"end":{"line":8,"column":29}},"4":{"start":{"line":9,"column":4},"end":{"line":9,"column":21}},"5":{"start":{"line":10,"column":4},"end":{"line":10,"column":21}},"6":{"start":{"line":11,"column":4},"end":{"line":11,"column":33}},"7":{"start":{"line":12,"column":4},"end":{"line":12,"column":23}},"8":{"start":{"line":16,"column":4},"end":{"line":16,"column":34}},"9":{"start":{"line":22,"column":21},"end":{"line":22,"column":35}},"10":{"start":{"line":23,"column":23},"end":{"line":23,"column":32}},"11":{"start":{"line":24,"column":16},"end":{"line":24,"column":17}},"12":{"start":{"line":25,"column":4},"end":{"line":30,"column":81}},"13":{"start":{"line":26,"column":6},"end":{"line":26,"column":14}},"14":{"start":{"line":27,"column":6},"end":{"line":27,"column":29}},"15":{"start":{"line":28,"column":6},"end":{"line":28,"column":80}},"16":{"start":{"line":29,"column":6},"end":{"line":29,"column":70}},"17":{"start":{"line":32,"column":4},"end":{"line":39,"column":7}},"18":{"start":{"line":43,"column":25},"end":{"line":43,"column":38}},"19":{"start":{"line":44,"column":4},"end":{"line":44,"column":32}},"20":{"start":{"line":44,"column":23},"end":{"line":44,"column":32}},"21":{"start":{"line":45,"column":4},"end":{"line":45,"column":80}},"22":{"start":{"line":45,"column":58},"end":{"line":45,"column":80}},"23":{"start":{"line":46,"column":4},"end":{"line":46,"column":26}},"24":{"start":{"line":50,"column":0},"end":{"line":50,"column":23}}},"fnMap":{"0":{"name":"(anonymous_0)","decl":{"start":{"line":6,"column":2},"end":{"line":6,"column":3}},"loc":{"start":{"line":6,"column":70},"end":{"line":13,"column":3}},"line":6},"1":{"name":"(anonymous_1)","decl":{"start":{"line":15,"column":2},"end":{"line":15,"column":3}},"loc":{"start":{"line":15,"column":18},"end":{"line":17,"column":3}},"line":15},"2":{"name":"(anonymous_2)","decl":{"start":{"line":19,"column":2},"end":{"line":19,"column":3}},"loc":{"start":{"line":19,"column":37},"end":{"line":40,"column":3}},"line":19},"3":{"name":"(anonymous_3)","decl":{"start":{"line":42,"column":2},"end":{"line":42,"column":3}},"loc":{"start":{"line":42,"column":53},"end":{"line":47,"column":3}},"line":42}},"branchMap":{"0":{"loc":{"start":{"line":44,"column":4},"end":{"line":44,"column":32}},"type":"if","locations":[{"start":{"line":44,"column":4},"end":{"line":44,"column":32}},{"start":{},"end":{}}],"line":44},"1":{"loc":{"start":{"line":45,"column":4},"end":{"line":45,"column":80}},"type":"if","locations":[{"start":{"line":45,"column":4},"end":{"line":45,"column":80}},{"start":{},"end":{}}],"line":45}},"s":{"0":4,"1":4,"2":106,"3":106,"4":106,"5":106,"6":106,"7":106,"8":63,"9":41,"10":41,"11":41,"12":41,"13":384028,"14":384028,"15":384028,"16":384028,"17":41,"18":384031,"19":384031,"20":1,"21":384030,"22":4691,"23":379339,"24":4},"f":{"0":106,"1":63,"2":41,"3":384031},"b":{"0":[1,384030],"1":[4691,379339]},"_coverageSchema":"1a1c01bbd47fc00a2c39e90264f33305004495a9","hash":"255c17a9e36d91adaf745dd58874cc7d1314bbda"}
,"C:\\Users\\administrator\\Desktop\\blockchain\\blockchain\\index.js": {"path":"C:\\Users\\administrator\\Desktop\\blockchain\\blockchain\\index.js","statementMap":{"0":{"start":{"line":1,"column":14},"end":{"line":1,"column":32}},"1":{"start":{"line":2,"column":21},"end":{"line":2,"column":41}},"2":{"start":{"line":3,"column":40},"end":{"line":3,"column":60}},"3":{"start":{"line":4,"column":20},"end":{"line":4,"column":54}},"4":{"start":{"line":5,"column":15},"end":{"line":5,"column":35}},"5":{"start":{"line":9,"column":8},"end":{"line":9,"column":39}},"6":{"start":{"line":13,"column":25},"end":{"line":13,"column":94}},"7":{"start":{"line":14,"column":8},"end":{"line":14,"column":34}},"8":{"start":{"line":18,"column":7},"end":{"line":20,"column":8}},"9":{"start":{"line":19,"column":8},"end":{"line":19,"column":20}},"10":{"start":{"line":22,"column":7},"end":{"line":30,"column":8}},"11":{"start":{"line":22,"column":19},"end":{"line":22,"column":20}},"12":{"start":{"line":23,"column":24},"end":{"line":23,"column":32}},"13":{"start":{"line":24,"column":30},"end":{"line":24,"column":47}},"14":{"start":{"line":25,"column":33},"end":{"line":25,"column":56}},"15":{"start":{"line":26,"column":71},"end":{"line":26,"column":76}},"16":{"start":{"line":27,"column":10},"end":{"line":27,"column":52}},"17":{"start":{"line":27,"column":39},"end":{"line":27,"column":52}},"18":{"start":{"line":28,"column":10},"end":{"line":28,"column":69}},"19":{"start":{"line":28,"column":56},"end":{"line":28,"column":69}},"20":{"start":{"line":29,"column":10},"end":{"line":29,"column":92}},"21":{"start":{"line":29,"column":79},"end":{"line":29,"column":92}},"22":{"start":{"line":32,"column":6},"end":{"line":32,"column":18}},"23":{"start":{"line":36,"column":6},"end":{"line":39,"column":7}},"24":{"start":{"line":37,"column":8},"end":{"line":37,"column":85}},"25":{"start":{"line":38,"column":8},"end":{"line":38,"column":15}},"26":{"start":{"line":40,"column":6},"end":{"line":43,"column":7}},"27":{"start":{"line":41,"column":8},"end":{"line":41,"column":65}},"28":{"start":{"line":42,"column":8},"end":{"line":42,"column":14}},"29":{"start":{"line":44,"column":6},"end":{"line":47,"column":7}},"30":{"start":{"line":45,"column":8},"end":{"line":45,"column":61}},"31":{"start":{"line":46,"column":8},"end":{"line":46,"column":15}},"32":{"start":{"line":48,"column":6},"end":{"line":48,"column":32}},"33":{"start":{"line":48,"column":20},"end":{"line":48,"column":32}},"34":{"start":{"line":49,"column":6},"end":{"line":49,"column":82}},"35":{"start":{"line":50,"column":6},"end":{"line":50,"column":25}},"36":{"start":{"line":54,"column":6},"end":{"line":92,"column":7}},"37":{"start":{"line":54,"column":16},"end":{"line":54,"column":17}},"38":{"start":{"line":55,"column":22},"end":{"line":55,"column":30}},"39":{"start":{"line":56,"column":31},"end":{"line":56,"column":40}},"40":{"start":{"line":57,"column":37},"end":{"line":57,"column":38}},"41":{"start":{"line":59,"column":8},"end":{"line":91,"column":9}},"42":{"start":{"line":60,"column":10},"end":{"line":90,"column":11}},"43":{"start":{"line":61,"column":12},"end":{"line":61,"column":39}},"44":{"start":{"line":62,"column":12},"end":{"line":65,"column":13}},"45":{"start":{"line":63,"column":14},"end":{"line":63,"column":57}},"46":{"start":{"line":64,"column":14},"end":{"line":64,"column":27}},"47":{"start":{"line":66,"column":12},"end":{"line":69,"column":13}},"48":{"start":{"line":67,"column":14},"end":{"line":67,"column":55}},"49":{"start":{"line":68,"column":14},"end":{"line":68,"column":26}},"50":{"start":{"line":71,"column":12},"end":{"line":74,"column":13}},"51":{"start":{"line":72,"column":14},"end":{"line":72,"column":51}},"52":{"start":{"line":73,"column":14},"end":{"line":73,"column":27}},"53":{"start":{"line":75,"column":32},"end":{"line":78,"column":14}},"54":{"start":{"line":80,"column":12},"end":{"line":83,"column":13}},"55":{"start":{"line":81,"column":14},"end":{"line":81,"column":52}},"56":{"start":{"line":82,"column":14},"end":{"line":82,"column":27}},"57":{"start":{"line":84,"column":12},"end":{"line":89,"column":13}},"58":{"start":{"line":85,"column":14},"end":{"line":85,"column":91}},"59":{"start":{"line":86,"column":14},"end":{"line":86,"column":27}},"60":{"start":{"line":88,"column":14},"end":{"line":88,"column":46}},"61":{"start":{"line":94,"column":6},"end":{"line":94,"column":18}},"62":{"start":{"line":98,"column":0},"end":{"line":98,"column":28}}},"fnMap":{"0":{"name":"(anonymous_0)","decl":{"start":{"line":8,"column":4},"end":{"line":8,"column":5}},"loc":{"start":{"line":8,"column":17},"end":{"line":10,"column":5}},"line":8},"1":{"name":"(anonymous_1)","decl":{"start":{"line":12,"column":4},"end":{"line":12,"column":5}},"loc":{"start":{"line":12,"column":20},"end":{"line":15,"column":5}},"line":12},"2":{"name":"(anonymous_2)","decl":{"start":{"line":17,"column":3},"end":{"line":17,"column":4}},"loc":{"start":{"line":17,"column":29},"end":{"line":33,"column":5}},"line":17},"3":{"name":"(anonymous_3)","decl":{"start":{"line":35,"column":4},"end":{"line":35,"column":5}},"loc":{"start":{"line":35,"column":52},"end":{"line":51,"column":5}},"line":35},"4":{"name":"(anonymous_4)","decl":{"start":{"line":53,"column":4},"end":{"line":53,"column":5}},"loc":{"start":{"line":53,"column":33},"end":{"line":95,"column":5}},"line":53}},"branchMap":{"0":{"loc":{"start":{"line":18,"column":7},"end":{"line":20,"column":8}},"type":"if","locations":[{"start":{"line":18,"column":7},"end":{"line":20,"column":8}},{"start":{},"end":{}}],"line":18},"1":{"loc":{"start":{"line":27,"column":10},"end":{"line":27,"column":52}},"type":"if","locations":[{"start":{"line":27,"column":10},"end":{"line":27,"column":52}},{"start":{},"end":{}}],"line":27},"2":{"loc":{"start":{"line":28,"column":10},"end":{"line":28,"column":69}},"type":"if","locations":[{"start":{"line":28,"column":10},"end":{"line":28,"column":69}},{"start":{},"end":{}}],"line":28},"3":{"loc":{"start":{"line":29,"column":10},"end":{"line":29,"column":92}},"type":"if","locations":[{"start":{"line":29,"column":10},"end":{"line":29,"column":92}},{"start":{},"end":{}}],"line":29},"4":{"loc":{"start":{"line":36,"column":6},"end":{"line":39,"column":7}},"type":"if","locations":[{"start":{"line":36,"column":6},"end":{"line":39,"column":7}},{"start":{},"end":{}}],"line":36},"5":{"loc":{"start":{"line":40,"column":6},"end":{"line":43,"column":7}},"type":"if","locations":[{"start":{"line":40,"column":6},"end":{"line":43,"column":7}},{"start":{},"end":{}}],"line":40},"6":{"loc":{"start":{"line":44,"column":6},"end":{"line":47,"column":7}},"type":"if","locations":[{"start":{"line":44,"column":6},"end":{"line":47,"column":7}},{"start":{},"end":{}}],"line":44},"7":{"loc":{"start":{"line":44,"column":9},"end":{"line":44,"column":64}},"type":"binary-expr","locations":[{"start":{"line":44,"column":9},"end":{"line":44,"column":25}},{"start":{"line":44,"column":29},"end":{"line":44,"column":64}}],"line":44},"8":{"loc":{"start":{"line":48,"column":6},"end":{"line":48,"column":32}},"type":"if","locations":[{"start":{"line":48,"column":6},"end":{"line":48,"column":32}},{"start":{},"end":{}}],"line":48},"9":{"loc":{"start":{"line":60,"column":10},"end":{"line":90,"column":11}},"type":"if","locations":[{"start":{"line":60,"column":10},"end":{"line":90,"column":11}},{"start":{"line":70,"column":15},"end":{"line":90,"column":11}}],"line":60},"10":{"loc":{"start":{"line":62,"column":12},"end":{"line":65,"column":13}},"type":"if","locations":[{"start":{"line":62,"column":12},"end":{"line":65,"column":13}},{"start":{},"end":{}}],"line":62},"11":{"loc":{"start":{"line":66,"column":12},"end":{"line":69,"column":13}},"type":"if","locations":[{"start":{"line":66,"column":12},"end":{"line":69,"column":13}},{"start":{},"end":{}}],"line":66},"12":{"loc":{"start":{"line":71,"column":12},"end":{"line":74,"column":13}},"type":"if","locations":[{"start":{"line":71,"column":12},"end":{"line":74,"column":13}},{"start":{},"end":{}}],"line":71},"13":{"loc":{"start":{"line":80,"column":12},"end":{"line":83,"column":13}},"type":"if","locations":[{"start":{"line":80,"column":12},"end":{"line":83,"column":13}},{"start":{},"end":{}}],"line":80},"14":{"loc":{"start":{"line":84,"column":12},"end":{"line":89,"column":13}},"type":"if","locations":[{"start":{"line":84,"column":12},"end":{"line":89,"column":13}},{"start":{"line":87,"column":17},"end":{"line":89,"column":13}}],"line":84}},"s":{"0":3,"1":3,"2":3,"3":3,"4":3,"5":49,"6":40,"7":40,"8":11,"9":1,"10":10,"11":10,"12":23,"13":23,"14":23,"15":23,"16":23,"17":1,"18":22,"19":1,"20":21,"21":3,"22":5,"23":8,"24":2,"25":2,"26":6,"27":2,"28":2,"29":4,"30":2,"31":2,"32":2,"33":0,"34":2,"35":2,"36":6,"37":6,"38":6,"39":6,"40":6,"41":6,"42":11,"43":4,"44":4,"45":1,"46":1,"47":3,"48":1,"49":1,"50":7,"51":1,"52":1,"53":6,"54":6,"55":1,"56":1,"57":5,"58":1,"59":1,"60":4,"61":1,"62":3},"f":{"0":49,"1":40,"2":11,"3":8,"4":6},"b":{"0":[1,10],"1":[1,22],"2":[1,21],"3":[3,18],"4":[2,6],"5":[2,4],"6":[2,2],"7":[4,2],"8":[0,2],"9":[4,7],"10":[1,3],"11":[1,2],"12":[1,6],"13":[1,5],"14":[1,4]},"_coverageSchema":"1a1c01bbd47fc00a2c39e90264f33305004495a9","hash":"d595ff97556587849a33be9a9987fab973610b6f"}
,"C:\\Users\\administrator\\Desktop\\blockchain\\util\\crypto-hash.js": {"path":"C:\\Users\\administrator\\Desktop\\blockchain\\util\\crypto-hash.js","statementMap":{"0":{"start":{"line":1,"column":15},"end":{"line":1,"column":32}},"1":{"start":{"line":3,"column":19},"end":{"line":7,"column":1}},"2":{"start":{"line":4,"column":15},"end":{"line":4,"column":42}},"3":{"start":{"line":5,"column":2},"end":{"line":5,"column":76}},"4":{"start":{"line":5,"column":34},"end":{"line":5,"column":56}},"5":{"start":{"line":6,"column":2},"end":{"line":6,"column":28}},"6":{"start":{"line":10,"column":0},"end":{"line":10,"column":28}}},"fnMap":{"0":{"name":"(anonymous_0)","decl":{"start":{"line":3,"column":19},"end":{"line":3,"column":20}},"loc":{"start":{"line":3,"column":32},"end":{"line":7,"column":1}},"line":3},"1":{"name":"(anonymous_1)","decl":{"start":{"line":5,"column":25},"end":{"line":5,"column":26}},"loc":{"start":{"line":5,"column":34},"end":{"line":5,"column":56}},"line":5}},"branchMap":{},"s":{"0":6,"1":6,"2":768193,"3":768193,"4":2304401,"5":768193,"6":6},"f":{"0":768193,"1":2304401},"b":{},"_coverageSchema":"1a1c01bbd47fc00a2c39e90264f33305004495a9","hash":"e113799ba96fe16fbf35c98bd2ba12cbc4ed4a0c"}
,"C:\\Users\\administrator\\Desktop\\blockchain\\util\\index.js": {"path":"C:\\Users\\administrator\\Desktop\\blockchain\\util\\index.js","statementMap":{"0":{"start":{"line":1,"column":11},"end":{"line":1,"column":33}},"1":{"start":{"line":2,"column":19},"end":{"line":2,"column":43}},"2":{"start":{"line":4,"column":11},"end":{"line":4,"column":30}},"3":{"start":{"line":6,"column":24},"end":{"line":9,"column":1}},"4":{"start":{"line":7,"column":24},"end":{"line":7,"column":58}},"5":{"start":{"line":8,"column":2},"end":{"line":8,"column":59}},"6":{"start":{"line":11,"column":0},"end":{"line":11,"column":51}}},"fnMap":{"0":{"name":"(anonymous_0)","decl":{"start":{"line":6,"column":24},"end":{"line":6,"column":25}},"loc":{"start":{"line":6,"column":58},"end":{"line":9,"column":1}},"line":6}},"branchMap":{},"s":{"0":5,"1":5,"2":5,"3":5,"4":23,"5":23,"6":5},"f":{"0":23},"b":{},"_coverageSchema":"1a1c01bbd47fc00a2c39e90264f33305004495a9","hash":"c8b2db606612a53c14ad7d73de6f341e29c5261d"}
,"C:\\Users\\administrator\\Desktop\\blockchain\\wallet\\Transaction-pool.js": {"path":"C:\\Users\\administrator\\Desktop\\blockchain\\wallet\\Transaction-pool.js","statementMap":{"0":{"start":{"line":1,"column":20},"end":{"line":1,"column":44}},"1":{"start":{"line":5,"column":6},"end":{"line":5,"column":31}},"2":{"start":{"line":9,"column":6},"end":{"line":9,"column":56}},"3":{"start":{"line":13,"column":27},"end":{"line":13,"column":61}},"4":{"start":{"line":14,"column":6},"end":{"line":14,"column":90}},"5":{"start":{"line":14,"column":46},"end":{"line":14,"column":88}},"6":{"start":{"line":18,"column":6},"end":{"line":18,"column":43}},"7":{"start":{"line":22,"column":5},"end":{"line":23,"column":65}},"8":{"start":{"line":23,"column":23},"end":{"line":23,"column":64}},"9":{"start":{"line":27,"column":6},"end":{"line":27,"column":31}},"10":{"start":{"line":31,"column":6},"end":{"line":38,"column":7}},"11":{"start":{"line":31,"column":18},"end":{"line":31,"column":19}},"12":{"start":{"line":32,"column":22},"end":{"line":32,"column":30}},"13":{"start":{"line":33,"column":8},"end":{"line":37,"column":9}},"14":{"start":{"line":34,"column":10},"end":{"line":36,"column":11}},"15":{"start":{"line":35,"column":12},"end":{"line":35,"column":55}},"16":{"start":{"line":43,"column":2},"end":{"line":43,"column":35}}},"fnMap":{"0":{"name":"(anonymous_0)","decl":{"start":{"line":4,"column":4},"end":{"line":4,"column":5}},"loc":{"start":{"line":4,"column":17},"end":{"line":6,"column":5}},"line":4},"1":{"name":"(anonymous_1)","decl":{"start":{"line":8,"column":4},"end":{"line":8,"column":5}},"loc":{"start":{"line":8,"column":31},"end":{"line":10,"column":5}},"line":8},"2":{"name":"(anonymous_2)","decl":{"start":{"line":12,"column":4},"end":{"line":12,"column":5}},"loc":{"start":{"line":12,"column":39},"end":{"line":15,"column":5}},"line":12},"3":{"name":"(anonymous_3)","decl":{"start":{"line":14,"column":31},"end":{"line":14,"column":32}},"loc":{"start":{"line":14,"column":46},"end":{"line":14,"column":88}},"line":14},"4":{"name":"(anonymous_4)","decl":{"start":{"line":17,"column":4},"end":{"line":17,"column":5}},"loc":{"start":{"line":17,"column":26},"end":{"line":19,"column":5}},"line":17},"5":{"name":"(anonymous_5)","decl":{"start":{"line":21,"column":4},"end":{"line":21,"column":5}},"loc":{"start":{"line":21,"column":23},"end":{"line":24,"column":5}},"line":21},"6":{"name":"(anonymous_6)","decl":{"start":{"line":23,"column":8},"end":{"line":23,"column":9}},"loc":{"start":{"line":23,"column":23},"end":{"line":23,"column":64}},"line":23},"7":{"name":"(anonymous_7)","decl":{"start":{"line":26,"column":4},"end":{"line":26,"column":5}},"loc":{"start":{"line":26,"column":11},"end":{"line":28,"column":5}},"line":26},"8":{"name":"(anonymous_8)","decl":{"start":{"line":30,"column":4},"end":{"line":30,"column":5}},"loc":{"start":{"line":30,"column":40},"end":{"line":39,"column":5}},"line":30}},"branchMap":{"0":{"loc":{"start":{"line":34,"column":10},"end":{"line":36,"column":11}},"type":"if","locations":[{"start":{"line":34,"column":10},"end":{"line":36,"column":11}},{"start":{},"end":{}}],"line":34}},"s":{"0":1,"1":6,"2":28,"3":1,"4":1,"5":1,"6":0,"7":2,"8":20,"9":0,"10":1,"11":1,"12":4,"13":4,"14":3,"15":3,"16":1},"f":{"0":6,"1":28,"2":1,"3":1,"4":0,"5":2,"6":20,"7":0,"8":1},"b":{"0":[3,0]},"_coverageSchema":"1a1c01bbd47fc00a2c39e90264f33305004495a9","hash":"fda6fd04bc490f6710e1d70fcbe8b00d91eb8d05"}
,"C:\\Users\\administrator\\Desktop\\blockchain\\wallet\\index.js": {"path":"C:\\Users\\administrator\\Desktop\\blockchain\\wallet\\index.js","statementMap":{"0":{"start":{"line":1,"column":27},"end":{"line":1,"column":49}},"1":{"start":{"line":2,"column":24},"end":{"line":2,"column":44}},"2":{"start":{"line":3,"column":20},"end":{"line":3,"column":44}},"3":{"start":{"line":7,"column":8},"end":{"line":7,"column":40}},"4":{"start":{"line":8,"column":8},"end":{"line":8,"column":39}},"5":{"start":{"line":9,"column":8},"end":{"line":9,"column":64}},"6":{"start":{"line":13,"column":8},"end":{"line":13,"column":50}},"7":{"start":{"line":18,"column":8},"end":{"line":23,"column":9}},"8":{"start":{"line":19,"column":10},"end":{"line":22,"column":12}},"9":{"start":{"line":24,"column":8},"end":{"line":26,"column":9}},"10":{"start":{"line":25,"column":10},"end":{"line":25,"column":52}},"11":{"start":{"line":27,"column":8},"end":{"line":27,"column":71}},"12":{"start":{"line":31,"column":37},"end":{"line":31,"column":42}},"13":{"start":{"line":32,"column":24},"end":{"line":32,"column":25}},"14":{"start":{"line":34,"column":6},"end":{"line":49,"column":7}},"15":{"start":{"line":34,"column":18},"end":{"line":34,"column":33}},"16":{"start":{"line":35,"column":22},"end":{"line":35,"column":30}},"17":{"start":{"line":37,"column":8},"end":{"line":45,"column":9}},"18":{"start":{"line":38,"column":10},"end":{"line":40,"column":11}},"19":{"start":{"line":39,"column":12},"end":{"line":39,"column":44}},"20":{"start":{"line":41,"column":32},"end":{"line":41,"column":62}},"21":{"start":{"line":42,"column":10},"end":{"line":44,"column":11}},"22":{"start":{"line":43,"column":12},"end":{"line":43,"column":54}},"23":{"start":{"line":46,"column":8},"end":{"line":48,"column":9}},"24":{"start":{"line":47,"column":10},"end":{"line":47,"column":16}},"25":{"start":{"line":51,"column":6},"end":{"line":51,"column":85}},"26":{"start":{"line":55,"column":0},"end":{"line":55,"column":24}}},"fnMap":{"0":{"name":"(anonymous_0)","decl":{"start":{"line":6,"column":4},"end":{"line":6,"column":5}},"loc":{"start":{"line":6,"column":17},"end":{"line":10,"column":5}},"line":6},"1":{"name":"(anonymous_1)","decl":{"start":{"line":12,"column":4},"end":{"line":12,"column":5}},"loc":{"start":{"line":12,"column":14},"end":{"line":14,"column":5}},"line":12},"2":{"name":"(anonymous_2)","decl":{"start":{"line":17,"column":4},"end":{"line":17,"column":5}},"loc":{"start":{"line":17,"column":49},"end":{"line":28,"column":5}},"line":17},"3":{"name":"(anonymous_3)","decl":{"start":{"line":30,"column":4},"end":{"line":30,"column":5}},"loc":{"start":{"line":30,"column":45},"end":{"line":52,"column":5}},"line":30}},"branchMap":{"0":{"loc":{"start":{"line":18,"column":8},"end":{"line":23,"column":9}},"type":"if","locations":[{"start":{"line":18,"column":8},"end":{"line":23,"column":9}},{"start":{},"end":{}}],"line":18},"1":{"loc":{"start":{"line":24,"column":8},"end":{"line":26,"column":9}},"type":"if","locations":[{"start":{"line":24,"column":8},"end":{"line":26,"column":9}},{"start":{},"end":{}}],"line":24},"2":{"loc":{"start":{"line":38,"column":10},"end":{"line":40,"column":11}},"type":"if","locations":[{"start":{"line":38,"column":10},"end":{"line":40,"column":11}},{"start":{},"end":{}}],"line":38},"3":{"loc":{"start":{"line":42,"column":10},"end":{"line":44,"column":11}},"type":"if","locations":[{"start":{"line":42,"column":10},"end":{"line":44,"column":11}},{"start":{},"end":{}}],"line":42},"4":{"loc":{"start":{"line":46,"column":8},"end":{"line":48,"column":9}},"type":"if","locations":[{"start":{"line":46,"column":8},"end":{"line":48,"column":9}},{"start":{},"end":{}}],"line":46},"5":{"loc":{"start":{"line":51,"column":13},"end":{"line":51,"column":84}},"type":"cond-expr","locations":[{"start":{"line":51,"column":40},"end":{"line":51,"column":51}},{"start":{"line":51,"column":54},"end":{"line":51,"column":84}}],"line":51}},"s":{"0":4,"1":4,"2":4,"3":66,"4":66,"5":66,"6":87,"7":23,"8":1,"9":23,"10":1,"11":22,"12":9,"13":9,"14":9,"15":9,"16":3,"17":3,"18":5,"19":1,"20":5,"21":5,"22":5,"23":3,"24":1,"25":9,"26":4},"f":{"0":66,"1":87,"2":23,"3":9},"b":{"0":[1,22],"1":[1,22],"2":[1,4],"3":[5,0],"4":[1,2],"5":[1,8]},"_coverageSchema":"1a1c01bbd47fc00a2c39e90264f33305004495a9","hash":"c6eaee4e8d4b6d0d40007ce5212e012b45a88445"}
,"C:\\Users\\administrator\\Desktop\\blockchain\\wallet\\transaction.js": {"path":"C:\\Users\\administrator\\Desktop\\blockchain\\wallet\\transaction.js","statementMap":{"0":{"start":{"line":1,"column":13},"end":{"line":1,"column":28}},"1":{"start":{"line":2,"column":26},"end":{"line":2,"column":46}},"2":{"start":{"line":3,"column":40},"end":{"line":3,"column":60}},"3":{"start":{"line":7,"column":8},"end":{"line":7,"column":23}},"4":{"start":{"line":8,"column":8},"end":{"line":8,"column":94}},"5":{"start":{"line":9,"column":8},"end":{"line":9,"column":90}},"6":{"start":{"line":13,"column":26},"end":{"line":13,"column":28}},"7":{"start":{"line":14,"column":8},"end":{"line":15,"column":74}},"8":{"start":{"line":17,"column":8},"end":{"line":17,"column":25}},"9":{"start":{"line":21,"column":8},"end":{"line":26,"column":9}},"10":{"start":{"line":30,"column":8},"end":{"line":32,"column":9}},"11":{"start":{"line":31,"column":12},"end":{"line":31,"column":54}},"12":{"start":{"line":34,"column":8},"end":{"line":38,"column":9}},"13":{"start":{"line":35,"column":12},"end":{"line":35,"column":47}},"14":{"start":{"line":37,"column":12},"end":{"line":37,"column":75}},"15":{"start":{"line":40,"column":8},"end":{"line":40,"column":97}},"16":{"start":{"line":41,"column":8},"end":{"line":41,"column":49}},"17":{"start":{"line":43,"column":8},"end":{"line":43,"column":81}},"18":{"start":{"line":47,"column":8},"end":{"line":50,"column":9}},"19":{"start":{"line":48,"column":12},"end":{"line":48,"column":83}},"20":{"start":{"line":49,"column":12},"end":{"line":49,"column":25}},"21":{"start":{"line":52,"column":69},"end":{"line":52,"column":80}},"22":{"start":{"line":53,"column":28},"end":{"line":53,"column":106}},"23":{"start":{"line":53,"column":85},"end":{"line":53,"column":105}},"24":{"start":{"line":54,"column":8},"end":{"line":57,"column":9}},"25":{"start":{"line":55,"column":12},"end":{"line":55,"column":114}},"26":{"start":{"line":56,"column":12},"end":{"line":56,"column":25}},"27":{"start":{"line":59,"column":8},"end":{"line":62,"column":9}},"28":{"start":{"line":60,"column":12},"end":{"line":60,"column":64}},"29":{"start":{"line":61,"column":12},"end":{"line":61,"column":25}},"30":{"start":{"line":64,"column":8},"end":{"line":64,"column":20}},"31":{"start":{"line":68,"column":8},"end":{"line":71,"column":10}},"32":{"start":{"line":77,"column":0},"end":{"line":77,"column":29}}},"fnMap":{"0":{"name":"(anonymous_0)","decl":{"start":{"line":6,"column":4},"end":{"line":6,"column":5}},"loc":{"start":{"line":6,"column":69},"end":{"line":10,"column":5}},"line":6},"1":{"name":"(anonymous_1)","decl":{"start":{"line":12,"column":4},"end":{"line":12,"column":5}},"loc":{"start":{"line":12,"column":56},"end":{"line":18,"column":5}},"line":12},"2":{"name":"(anonymous_2)","decl":{"start":{"line":20,"column":4},"end":{"line":20,"column":5}},"loc":{"start":{"line":20,"column":44},"end":{"line":27,"column":5}},"line":20},"3":{"name":"(anonymous_3)","decl":{"start":{"line":29,"column":4},"end":{"line":29,"column":5}},"loc":{"start":{"line":29,"column":47},"end":{"line":44,"column":5}},"line":29},"4":{"name":"(anonymous_4)","decl":{"start":{"line":46,"column":4},"end":{"line":46,"column":5}},"loc":{"start":{"line":46,"column":41},"end":{"line":65,"column":5}},"line":46},"5":{"name":"(anonymous_5)","decl":{"start":{"line":53,"column":60},"end":{"line":53,"column":61}},"loc":{"start":{"line":53,"column":85},"end":{"line":53,"column":105}},"line":53},"6":{"name":"(anonymous_6)","decl":{"start":{"line":67,"column":4},"end":{"line":67,"column":5}},"loc":{"start":{"line":67,"column":44},"end":{"line":72,"column":5}},"line":67}},"branchMap":{"0":{"loc":{"start":{"line":8,"column":25},"end":{"line":8,"column":93}},"type":"binary-expr","locations":[{"start":{"line":8,"column":25},"end":{"line":8,"column":34}},{"start":{"line":8,"column":38},"end":{"line":8,"column":93}}],"line":8},"1":{"loc":{"start":{"line":9,"column":21},"end":{"line":9,"column":89}},"type":"binary-expr","locations":[{"start":{"line":9,"column":21},"end":{"line":9,"column":26}},{"start":{"line":9,"column":30},"end":{"line":9,"column":89}}],"line":9},"2":{"loc":{"start":{"line":30,"column":8},"end":{"line":32,"column":9}},"type":"if","locations":[{"start":{"line":30,"column":8},"end":{"line":32,"column":9}},{"start":{},"end":{}}],"line":30},"3":{"loc":{"start":{"line":34,"column":8},"end":{"line":38,"column":9}},"type":"if","locations":[{"start":{"line":34,"column":8},"end":{"line":38,"column":9}},{"start":{"line":36,"column":14},"end":{"line":38,"column":9}}],"line":34},"4":{"loc":{"start":{"line":47,"column":8},"end":{"line":50,"column":9}},"type":"if","locations":[{"start":{"line":47,"column":8},"end":{"line":50,"column":9}},{"start":{},"end":{}}],"line":47},"5":{"loc":{"start":{"line":54,"column":8},"end":{"line":57,"column":9}},"type":"if","locations":[{"start":{"line":54,"column":8},"end":{"line":57,"column":9}},{"start":{},"end":{}}],"line":54},"6":{"loc":{"start":{"line":59,"column":8},"end":{"line":62,"column":9}},"type":"if","locations":[{"start":{"line":59,"column":8},"end":{"line":62,"column":9}},{"start":{},"end":{}}],"line":59}},"s":{"0":4,"1":4,"2":4,"3":78,"4":78,"5":78,"6":69,"7":69,"8":69,"9":77,"10":9,"11":1,"12":8,"13":6,"14":2,"15":8,"16":8,"17":8,"18":30,"19":1,"20":1,"21":29,"22":29,"23":29,"24":29,"25":9,"26":9,"27":20,"28":7,"29":7,"30":13,"31":9,"32":4},"f":{"0":78,"1":69,"2":77,"3":9,"4":30,"5":29,"6":9},"b":{"0":[78,69],"1":[78,69],"2":[1,8],"3":[6,2],"4":[1,29],"5":[9,20],"6":[7,13]},"_coverageSchema":"1a1c01bbd47fc00a2c39e90264f33305004495a9","hash":"c916c6a022080eb4b09abfb2e8fb375e2620e537"}
}
