TN:
SF:config.js
FNF:0
FNH:0
DA:1,5
DA:2,5
DA:3,5
DA:5,5
DA:6,5
DA:8,5
DA:17,5
LF:7
LH:7
BRF:0
BRH:0
end_of_record
TN:
SF:blockchain\block.js
FN:6,(anonymous_0)
FN:15,(anonymous_1)
FN:19,(anonymous_2)
FN:42,(anonymous_3)
FNF:4
FNH:4
FNDA:106,(anonymous_0)
FNDA:63,(anonymous_1)
FNDA:41,(anonymous_2)
FNDA:384031,(anonymous_3)
DA:2,4
DA:3,4
DA:7,106
DA:8,106
DA:9,106
DA:10,106
DA:11,106
DA:12,106
DA:16,63
DA:22,41
DA:23,41
DA:24,41
DA:25,41
DA:26,384028
DA:27,384028
DA:28,384028
DA:29,384028
DA:32,41
DA:43,384031
DA:44,384031
DA:45,384030
DA:46,379339
DA:50,4
LF:23
LH:23
BRDA:44,0,0,1
BRDA:44,0,1,384030
BRDA:45,1,0,4691
BRDA:45,1,1,379339
BRF:4
BRH:4
end_of_record
TN:
SF:blockchain\index.js
FN:8,(anonymous_0)
FN:12,(anonymous_1)
FN:17,(anonymous_2)
FN:35,(anonymous_3)
FN:53,(anonymous_4)
FNF:5
FNH:5
FNDA:49,(anonymous_0)
FNDA:40,(anonymous_1)
FNDA:11,(anonymous_2)
FNDA:8,(anonymous_3)
FNDA:6,(anonymous_4)
DA:1,3
DA:2,3
DA:3,3
DA:4,3
DA:5,3
DA:9,49
DA:13,40
DA:14,40
DA:18,11
DA:19,1
DA:22,10
DA:23,23
DA:24,23
DA:25,23
DA:26,23
DA:27,23
DA:28,22
DA:29,21
DA:32,5
DA:36,8
DA:37,2
DA:38,2
DA:40,6
DA:41,2
DA:42,2
DA:44,4
DA:45,2
DA:46,2
DA:48,2
DA:49,2
DA:50,2
DA:54,6
DA:55,6
DA:56,6
DA:57,6
DA:59,6
DA:60,11
DA:61,4
DA:62,4
DA:63,1
DA:64,1
DA:66,3
DA:67,1
DA:68,1
DA:71,7
DA:72,1
DA:73,1
DA:75,6
DA:80,6
DA:81,1
DA:82,1
DA:84,5
DA:85,1
DA:86,1
DA:88,4
DA:94,1
DA:98,3
LF:57
LH:57
BRDA:18,0,0,1
BRDA:18,0,1,10
BRDA:27,1,0,1
BRDA:27,1,1,22
BRDA:28,2,0,1
BRDA:28,2,1,21
BRDA:29,3,0,3
BRDA:29,3,1,18
BRDA:36,4,0,2
BRDA:36,4,1,6
BRDA:40,5,0,2
BRDA:40,5,1,4
BRDA:44,6,0,2
BRDA:44,6,1,2
BRDA:44,7,0,4
BRDA:44,7,1,2
BRDA:48,8,0,0
BRDA:48,8,1,2
BRDA:60,9,0,4
BRDA:60,9,1,7
BRDA:62,10,0,1
BRDA:62,10,1,3
BRDA:66,11,0,1
BRDA:66,11,1,2
BRDA:71,12,0,1
BRDA:71,12,1,6
BRDA:80,13,0,1
BRDA:80,13,1,5
BRDA:84,14,0,1
BRDA:84,14,1,4
BRF:30
BRH:29
end_of_record
TN:
SF:util\crypto-hash.js
FN:3,(anonymous_0)
FN:5,(anonymous_1)
FNF:2
FNH:2
FNDA:768193,(anonymous_0)
FNDA:2304401,(anonymous_1)
DA:1,6
DA:3,6
DA:4,768193
DA:5,2304401
DA:6,768193
DA:10,6
LF:6
LH:6
BRF:0
BRH:0
end_of_record
TN:
SF:util\index.js
FN:6,(anonymous_0)
FNF:1
FNH:1
FNDA:23,(anonymous_0)
DA:1,5
DA:2,5
DA:4,5
DA:6,5
DA:7,23
DA:8,23
DA:11,5
LF:7
LH:7
BRF:0
BRH:0
end_of_record
TN:
SF:wallet\Transaction-pool.js
FN:4,(anonymous_0)
FN:8,(anonymous_1)
FN:12,(anonymous_2)
FN:14,(anonymous_3)
FN:17,(anonymous_4)
FN:21,(anonymous_5)
FN:23,(anonymous_6)
FN:26,(anonymous_7)
FN:30,(anonymous_8)
FNF:9
FNH:7
FNDA:6,(anonymous_0)
FNDA:28,(anonymous_1)
FNDA:1,(anonymous_2)
FNDA:1,(anonymous_3)
FNDA:0,(anonymous_4)
FNDA:2,(anonymous_5)
FNDA:20,(anonymous_6)
FNDA:0,(anonymous_7)
FNDA:1,(anonymous_8)
DA:1,1
DA:5,6
DA:9,28
DA:13,1
DA:14,1
DA:18,0
DA:22,2
DA:23,20
DA:27,0
DA:31,1
DA:32,4
DA:33,4
DA:34,3
DA:35,3
DA:43,1
LF:15
LH:13
BRDA:34,0,0,3
BRDA:34,0,1,0
BRF:2
BRH:1
end_of_record
TN:
SF:wallet\index.js
FN:6,(anonymous_0)
FN:12,(anonymous_1)
FN:17,(anonymous_2)
FN:30,(anonymous_3)
FNF:4
FNH:4
FNDA:66,(anonymous_0)
FNDA:87,(anonymous_1)
FNDA:23,(anonymous_2)
FNDA:9,(anonymous_3)
DA:1,4
DA:2,4
DA:3,4
DA:7,66
DA:8,66
DA:9,66
DA:13,87
DA:18,23
DA:19,1
DA:24,23
DA:25,1
DA:27,22
DA:31,9
DA:32,9
DA:34,9
DA:35,3
DA:37,3
DA:38,5
DA:39,1
DA:41,5
DA:42,5
DA:43,5
DA:46,3
DA:47,1
DA:51,9
DA:55,4
LF:26
LH:26
BRDA:18,0,0,1
BRDA:18,0,1,22
BRDA:24,1,0,1
BRDA:24,1,1,22
BRDA:38,2,0,1
BRDA:38,2,1,4
BRDA:42,3,0,5
BRDA:42,3,1,0
BRDA:46,4,0,1
BRDA:46,4,1,2
BRDA:51,5,0,1
BRDA:51,5,1,8
BRF:12
BRH:11
end_of_record
TN:
SF:wallet\transaction.js
FN:6,(anonymous_0)
FN:12,(anonymous_1)
FN:20,(anonymous_2)
FN:29,(anonymous_3)
FN:46,(anonymous_4)
FN:53,(anonymous_5)
FN:67,(anonymous_6)
FNF:7
FNH:7
FNDA:78,(anonymous_0)
FNDA:69,(anonymous_1)
FNDA:77,(anonymous_2)
FNDA:9,(anonymous_3)
FNDA:30,(anonymous_4)
FNDA:29,(anonymous_5)
FNDA:9,(anonymous_6)
DA:1,4
DA:2,4
DA:3,4
DA:7,78
DA:8,78
DA:9,78
DA:13,69
DA:14,69
DA:17,69
DA:21,77
DA:30,9
DA:31,1
DA:34,8
DA:35,6
DA:37,2
DA:40,8
DA:41,8
DA:43,8
DA:47,30
DA:48,1
DA:49,1
DA:52,29
DA:53,29
DA:54,29
DA:55,9
DA:56,9
DA:59,20
DA:60,7
DA:61,7
DA:64,13
DA:68,9
DA:77,4
LF:32
LH:32
BRDA:8,0,0,78
BRDA:8,0,1,69
BRDA:9,1,0,78
BRDA:9,1,1,69
BRDA:30,2,0,1
BRDA:30,2,1,8
BRDA:34,3,0,6
BRDA:34,3,1,2
BRDA:47,4,0,1
BRDA:47,4,1,29
BRDA:54,5,0,9
BRDA:54,5,1,20
BRDA:59,6,0,7
BRDA:59,6,1,13
BRF:14
BRH:14
end_of_record
